C:\USERS\BILLGATES\DOCUMENTS\VISUAL STUDIO 2012\PROJECTS\PROJECT2\PROJECT2\RELEASE\OBJLOADER.OBJ
C:\USERS\BILLGATES\DOCUMENTS\VISUAL STUDIO 2012\PROJECTS\PROJECT2\PROJECT2\RELEASE\LOAD_TEXTURES.OBJ
C:\USERS\BILLGATES\DOCUMENTS\VISUAL STUDIO 2012\PROJECTS\PROJECT2\PROJECT2\RELEASE\LOAD_SHADERS.OBJ
C:\USERS\BILLGATES\DOCUMENTS\VISUAL STUDIO 2012\PROJECTS\PROJECT2\PROJECT2\RELEASE\LOAD_BUFFERS.OBJ
C:\USERS\BILLGATES\DOCUMENTS\VISUAL STUDIO 2012\PROJECTS\PROJECT2\PROJECT2\RELEASE\GLFWKEY.OBJ
C:\USERS\BILLGATES\DOCUMENTS\VISUAL STUDIO 2012\PROJECTS\PROJECT2\PROJECT2\RELEASE\COMMON.OBJ
C:\USERS\BILLGATES\DOCUMENTS\VISUAL STUDIO 2012\PROJECTS\PROJECT2\PROJECT2\RELEASE\MAIN.OBJ
C:\USERS\BILLGATES\DOCUMENTS\VISUAL STUDIO 2012\PROJECTS\PROJECT2\PROJECT2\RELEASE\LOADXML.OBJ
C:\USERS\BILLGATES\DOCUMENTS\VISUAL STUDIO 2012\PROJECTS\PROJECT2\PROJECT2\RELEASE\VC110.PDB
C:\USERS\BILLGATES\DOCUMENTS\VISUAL STUDIO 2012\PROJECTS\PROJECT2\RELEASE\PROJECT2.EXE
C:\Users\BillGates\documents\visual studio 2012\Projects\Project2\Project2\Release\Common.obj
C:\Users\BillGates\documents\visual studio 2012\Projects\Project2\Project2\Release\glfwkey.obj
C:\Users\BillGates\documents\visual studio 2012\Projects\Project2\Project2\Release\loadxml.obj
C:\Users\BillGates\documents\visual studio 2012\Projects\Project2\Project2\Release\load_buffers.obj
C:\Users\BillGates\documents\visual studio 2012\Projects\Project2\Project2\Release\load_shaders.obj
C:\Users\BillGates\documents\visual studio 2012\Projects\Project2\Project2\Release\load_textures.obj
C:\Users\BillGates\documents\visual studio 2012\Projects\Project2\Project2\Release\Main.obj
C:\Users\BillGates\documents\visual studio 2012\Projects\Project2\Project2\Release\objloader.obj
C:\Users\BillGates\documents\visual studio 2012\Projects\Project2\Project2\Release\cl.command.1.tlog
C:\Users\BillGates\documents\visual studio 2012\Projects\Project2\Project2\Release\CL.read.1.tlog
C:\Users\BillGates\documents\visual studio 2012\Projects\Project2\Project2\Release\CL.write.1.tlog
C:\Users\BillGates\documents\visual studio 2012\Projects\Project2\Project2\Release\link-cvtres.read.1.tlog
C:\Users\BillGates\documents\visual studio 2012\Projects\Project2\Project2\Release\link-cvtres.write.1.tlog
C:\Users\BillGates\documents\visual studio 2012\Projects\Project2\Project2\Release\link-rc.read.1.tlog
C:\Users\BillGates\documents\visual studio 2012\Projects\Project2\Project2\Release\link-rc.write.1.tlog
C:\Users\BillGates\documents\visual studio 2012\Projects\Project2\Project2\Release\link.command.1.tlog
C:\Users\BillGates\documents\visual studio 2012\Projects\Project2\Project2\Release\link.read.1.tlog
C:\Users\BillGates\documents\visual studio 2012\Projects\Project2\Project2\Release\link.read.2.tlog
C:\Users\BillGates\documents\visual studio 2012\Projects\Project2\Project2\Release\link.read.3.tlog
C:\Users\BillGates\documents\visual studio 2012\Projects\Project2\Project2\Release\link.read.4.tlog
C:\Users\BillGates\documents\visual studio 2012\Projects\Project2\Project2\Release\link.read.5.tlog
C:\Users\BillGates\documents\visual studio 2012\Projects\Project2\Project2\Release\link.write.1.tlog
C:\Users\BillGates\documents\visual studio 2012\Projects\Project2\Project2\Release\vc110.pdb
C:\Users\BillGates\documents\visual studio 2012\Projects\Project2\Release\Project2.exe
